MAPS_MUS-alb_esp2_AkPnCGdD.txt
MAPS_MUS-alb_se3_AkPnBsdf.txt
MAPS_MUS-alb_se6_AkPnStgb.txt
MAPS_MUS-appass_1_SptkBGCl.txt
MAPS_MUS-bach_847_AkPnBcht.txt
MAPS_MUS-bk_xmas1_AkPnStgb.txt
MAPS_MUS-bor_ps6_ENSTDkCl.txt
MAPS_MUS-chpn-e01_StbgTGd2.txt
MAPS_MUS-chpn-p11-format0_AkPnCGdD.txt
MAPS_MUS-chpn-p19_AkPnBsdf.txt
MAPS_MUS-chpn-p1_AkPnBsdf.txt
MAPS_MUS-chpn-p4_ENSTDkAm.txt
MAPS_MUS-chpn-p8_AkPnBcht.txt
MAPS_MUS-chpn_op10_e12_AkPnCGdD.txt
MAPS_MUS-chpn_op25_e2_AkPnBcht.txt
MAPS_MUS-chpn_op25_e3_ENSTDkAm.txt
MAPS_MUS-chpn_op27_2_AkPnStgb.txt
MAPS_MUS-chpn_op33_4_SptkBGAm.txt
MAPS_MUS-chp_op31_AkPnBcht.txt
MAPS_MUS-deb_menu_StbgTGd2.txt
MAPS_MUS-gra_esp_3_SptkBGCl.txt
MAPS_MUS-grieg_butterfly_AkPnBsdf.txt
MAPS_MUS-liz_et2_SptkBGAm.txt
MAPS_MUS-liz_et3_AkPnStgb.txt
MAPS_MUS-liz_et6_AkPnCGdD.txt
MAPS_MUS-liz_et_trans4_SptkBGAm.txt
MAPS_MUS-liz_rhap09_ENSTDkCl.txt
MAPS_MUS-mond_1_AkPnBsdf.txt
MAPS_MUS-muss_3_SptkBGCl.txt
MAPS_MUS-mz_331_2_ENSTDkCl.txt
MAPS_MUS-mz_331_3_StbgTGd2.txt
MAPS_MUS-mz_333_1_AkPnStgb.txt
MAPS_MUS-mz_333_2_ENSTDkCl.txt
MAPS_MUS-mz_333_3_StbgTGd2.txt
MAPS_MUS-mz_545_3_StbgTGd2.txt
MAPS_MUS-mz_570_1_ENSTDkCl.txt
MAPS_MUS-pathetique_1_SptkBGCl.txt
MAPS_MUS-pathetique_3_ENSTDkAm.txt
MAPS_MUS-schumm-3_AkPnStgb.txt
MAPS_MUS-schumm-6_AkPnBcht.txt
MAPS_MUS-schu_143_1_AkPnBcht.txt
MAPS_MUS-schu_143_2_AkPnCGdD.txt
MAPS_MUS-scn15_11_ENSTDkAm.txt
MAPS_MUS-scn15_5_SptkBGCl.txt
MAPS_MUS-scn15_7_SptkBGAm.txt
MAPS_MUS-scn16_3_ENSTDkCl.txt
MAPS_MUS-scn16_4_ENSTDkAm.txt
MAPS_MUS-scn16_4_SptkBGCl.txt
MAPS_MUS-ty_dezember_AkPnBsdf.txt
MAPS_MUS-ty_mai_StbgTGd2.txt
MAPS_MUS-ty_oktober_SptkBGAm.txt
MAPS_MUS-ty_september_SptkBGAm.txt
MAPS_MUS-waldstein_1_ENSTDkAm.txt
MAPS_MUS-waldstein_2_AkPnCGdD.txt
